<?xml version="1.0" encoding="UTF-8"?>
<!-- Generated by org.testng.reporters.JUnitReportReporter -->
<testsuite hostname="DESKTOP-SFQQR9U" failures="0" tests="4" name="com.spotify.tests.CreateAndGetPlaylistAPI_ReusuableMethods" time="6.323" errors="0" timestamp="2024-06-04T21:07:27 IST" skipped="0">
  <testcase classname="com.spotify.tests.CreateAndGetPlaylistAPI_ReusuableMethods" name="createPlayListMethod" time="4.991"/>
  <system-out/>
  <testcase classname="com.spotify.tests.CreateAndGetPlaylistAPI_ReusuableMethods" name="getPlayListMethod" time="0.531"/>
  <system-out/>
  <testcase classname="com.spotify.tests.CreateAndGetPlaylistAPI_ReusuableMethods" name="updatePlayList" time="0.610"/>
  <system-out/>
  <testcase classname="com.spotify.tests.CreateAndGetPlaylistAPI_ReusuableMethods" name="shouldNotCreatePlaylist" time="0.191"/>
  <system-out/>
</testsuite> <!-- com.spotify.tests.CreateAndGetPlaylistAPI_ReusuableMethods -->
