<?xml version="1.0" encoding="UTF-8"?>
<!-- Generated by org.testng.reporters.JUnitReportReporter -->
<testsuite hostname="DESKTOP-SFQQR9U" failures="0" tests="4" name="com.spotify.tests.CreateAndGetPlaylistAPI_ReusuableMethods" time="10.842" errors="0" timestamp="2024-06-04T22:16:13 IST" skipped="0">
  <testcase classname="com.spotify.tests.CreateAndGetPlaylistAPI_ReusuableMethods" name="createPlayListMethod" time="9.360"/>
  <system-out/>
  <testcase classname="com.spotify.tests.CreateAndGetPlaylistAPI_ReusuableMethods" name="getPlayListMethod" time="0.596"/>
  <system-out/>
  <testcase classname="com.spotify.tests.CreateAndGetPlaylistAPI_ReusuableMethods" name="updatePlayList" time="0.625"/>
  <system-out/>
  <testcase classname="com.spotify.tests.CreateAndGetPlaylistAPI_ReusuableMethods" name="shouldNotCreatePlaylist" time="0.261"/>
  <system-out/>
</testsuite> <!-- com.spotify.tests.CreateAndGetPlaylistAPI_ReusuableMethods -->
